mode: atomic
github.com/thesudoYT/conjure/main.go:9.13,11.2 1 0
github.com/thesudoYT/conjure/cmd/root.go:38.16,40.16 2 0
github.com/thesudoYT/conjure/cmd/root.go:40.16,42.3 1 0
github.com/thesudoYT/conjure/cmd/root.go:45.13,61.2 6 0
github.com/thesudoYT/conjure/cmd/root.go:64.19,65.19 1 0
github.com/thesudoYT/conjure/cmd/root.go:65.19,68.3 1 0
github.com/thesudoYT/conjure/cmd/root.go:68.8,77.3 5 0
github.com/thesudoYT/conjure/cmd/root.go:79.2,84.45 4 0
github.com/thesudoYT/conjure/cmd/root.go:84.45,86.3 1 0
github.com/thesudoYT/conjure/internal/config/config.go:12.36,16.46 2 0
github.com/thesudoYT/conjure/internal/config/config.go:16.46,18.3 1 0
github.com/thesudoYT/conjure/internal/config/config.go:20.2,20.18 1 0
github.com/thesudoYT/conjure/internal/prompt/prompt.go:39.58,47.2 1 0
github.com/thesudoYT/conjure/internal/prompt/prompt.go:49.31,51.2 1 0
github.com/thesudoYT/conjure/internal/prompt/prompt.go:53.57,54.27 1 0
github.com/thesudoYT/conjure/internal/prompt/prompt.go:55.18,56.23 1 0
github.com/thesudoYT/conjure/internal/prompt/prompt.go:57.24,60.22 3 0
github.com/thesudoYT/conjure/internal/prompt/prompt.go:62.16,64.51 1 0
github.com/thesudoYT/conjure/internal/prompt/prompt.go:64.51,66.5 1 0
github.com/thesudoYT/conjure/internal/prompt/prompt.go:68.4,71.56 2 0
github.com/thesudoYT/conjure/internal/prompt/prompt.go:71.56,73.5 1 0
github.com/thesudoYT/conjure/internal/prompt/prompt.go:73.10,73.58 1 0
github.com/thesudoYT/conjure/internal/prompt/prompt.go:73.58,76.5 1 0
github.com/thesudoYT/conjure/internal/prompt/prompt.go:76.10,76.35 1 0
github.com/thesudoYT/conjure/internal/prompt/prompt.go:76.35,78.5 1 0
github.com/thesudoYT/conjure/internal/prompt/prompt.go:81.4,85.51 3 0
github.com/thesudoYT/conjure/internal/prompt/prompt.go:85.51,88.5 2 0
github.com/thesudoYT/conjure/internal/prompt/prompt.go:90.20,91.31 1 0
github.com/thesudoYT/conjure/internal/prompt/prompt.go:91.31,93.5 1 0
github.com/thesudoYT/conjure/internal/prompt/prompt.go:95.11,97.30 1 0
github.com/thesudoYT/conjure/internal/prompt/prompt.go:97.30,99.5 1 0
github.com/thesudoYT/conjure/internal/prompt/prompt.go:103.2,103.15 1 0
github.com/thesudoYT/conjure/internal/prompt/prompt.go:106.30,107.16 1 0
github.com/thesudoYT/conjure/internal/prompt/prompt.go:107.16,108.19 1 0
github.com/thesudoYT/conjure/internal/prompt/prompt.go:108.19,110.4 1 0
github.com/thesudoYT/conjure/internal/prompt/prompt.go:111.3,111.63 1 0
github.com/thesudoYT/conjure/internal/prompt/prompt.go:114.2,127.48 8 0
github.com/thesudoYT/conjure/internal/prompt/prompt.go:127.48,132.26 3 0
github.com/thesudoYT/conjure/internal/prompt/prompt.go:132.26,134.4 1 0
github.com/thesudoYT/conjure/internal/prompt/prompt.go:135.3,143.31 5 0
github.com/thesudoYT/conjure/internal/prompt/prompt.go:143.31,146.4 2 0
github.com/thesudoYT/conjure/internal/prompt/prompt.go:149.3,153.86 3 0
github.com/thesudoYT/conjure/internal/prompt/prompt.go:156.2,156.19 1 0
github.com/thesudoYT/conjure/internal/prompt/prompt.go:160.125,165.25 2 0
github.com/thesudoYT/conjure/internal/prompt/prompt.go:165.25,167.3 1 0
github.com/thesudoYT/conjure/internal/prompt/prompt.go:170.2,172.16 3 0
github.com/thesudoYT/conjure/internal/prompt/prompt.go:172.16,174.3 1 0
github.com/thesudoYT/conjure/internal/prompt/prompt.go:177.2,178.22 2 0
github.com/thesudoYT/conjure/internal/prompt/prompt.go:178.22,180.3 1 0
github.com/thesudoYT/conjure/internal/prompt/prompt.go:182.2,182.26 1 0
github.com/thesudoYT/conjure/internal/prompt/prompt.go:187.170,192.47 2 0
github.com/thesudoYT/conjure/internal/prompt/prompt.go:192.47,194.3 1 0
github.com/thesudoYT/conjure/internal/prompt/prompt.go:197.2,197.71 1 0
github.com/thesudoYT/conjure/internal/prompt/prompt.go:197.71,198.34 1 0
github.com/thesudoYT/conjure/internal/prompt/prompt.go:198.34,199.59 1 0
github.com/thesudoYT/conjure/internal/prompt/prompt.go:199.59,202.5 1 0
github.com/thesudoYT/conjure/internal/prompt/prompt.go:202.10,205.5 1 0
github.com/thesudoYT/conjure/internal/prompt/prompt.go:210.2,211.25 2 0
github.com/thesudoYT/conjure/internal/prompt/prompt.go:211.25,213.67 1 0
github.com/thesudoYT/conjure/internal/prompt/prompt.go:213.67,215.36 2 0
github.com/thesudoYT/conjure/internal/prompt/prompt.go:215.36,217.5 1 0
github.com/thesudoYT/conjure/internal/prompt/prompt.go:217.10,219.5 1 0
github.com/thesudoYT/conjure/internal/prompt/prompt.go:224.2,232.16 3 0
github.com/thesudoYT/conjure/internal/prompt/prompt.go:232.16,234.3 1 0
github.com/thesudoYT/conjure/internal/prompt/prompt.go:237.2,238.16 2 0
github.com/thesudoYT/conjure/internal/prompt/prompt.go:238.16,240.3 1 0
github.com/thesudoYT/conjure/internal/prompt/prompt.go:242.2,242.29 1 0
github.com/thesudoYT/conjure/internal/prompt/prompt.go:246.147,251.57 3 0
github.com/thesudoYT/conjure/internal/prompt/prompt.go:251.57,253.3 1 0
github.com/thesudoYT/conjure/internal/prompt/prompt.go:256.2,257.47 2 0
github.com/thesudoYT/conjure/internal/prompt/prompt.go:257.47,259.3 1 0
github.com/thesudoYT/conjure/internal/prompt/prompt.go:261.2,261.30 1 0
github.com/thesudoYT/conjure/internal/prompt/prompt.go:261.30,263.3 1 0
github.com/thesudoYT/conjure/internal/prompt/prompt.go:265.2,271.6 6 0
github.com/thesudoYT/conjure/internal/prompt/prompt.go:271.6,278.43 5 0
github.com/thesudoYT/conjure/internal/prompt/prompt.go:278.43,279.9 1 0
github.com/thesudoYT/conjure/internal/prompt/prompt.go:283.3,285.38 3 0
github.com/thesudoYT/conjure/internal/prompt/prompt.go:285.38,287.4 1 0
github.com/thesudoYT/conjure/internal/prompt/prompt.go:288.3,291.58 4 0
github.com/thesudoYT/conjure/internal/prompt/prompt.go:291.58,293.12 2 0
github.com/thesudoYT/conjure/internal/prompt/prompt.go:295.3,300.42 4 0
github.com/thesudoYT/conjure/internal/prompt/prompt.go:300.42,303.4 2 0
github.com/thesudoYT/conjure/internal/prompt/prompt.go:304.3,307.49 4 0
github.com/thesudoYT/conjure/internal/prompt/prompt.go:307.49,309.12 2 0
github.com/thesudoYT/conjure/internal/prompt/prompt.go:311.3,319.21 6 0
github.com/thesudoYT/conjure/internal/prompt/prompt.go:319.21,321.12 2 0
github.com/thesudoYT/conjure/internal/prompt/prompt.go:325.3,325.41 1 0
github.com/thesudoYT/conjure/internal/prompt/prompt.go:325.41,327.4 1 0
github.com/thesudoYT/conjure/internal/prompt/prompt.go:328.3,331.16 3 0
github.com/thesudoYT/conjure/internal/prompt/prompt.go:334.2,334.24 1 0
github.com/thesudoYT/conjure/internal/prompt/prompt.go:334.24,337.3 2 0
github.com/thesudoYT/conjure/internal/prompt/prompt.go:339.2,339.23 1 0
github.com/thesudoYT/conjure/internal/metadata/metadata.go:27.75,29.57 1 0
github.com/thesudoYT/conjure/internal/metadata/metadata.go:29.57,31.3 1 0
github.com/thesudoYT/conjure/internal/metadata/metadata.go:34.2,35.16 2 0
github.com/thesudoYT/conjure/internal/metadata/metadata.go:35.16,37.3 1 0
github.com/thesudoYT/conjure/internal/metadata/metadata.go:40.2,41.56 2 0
github.com/thesudoYT/conjure/internal/metadata/metadata.go:41.56,43.3 1 0
github.com/thesudoYT/conjure/internal/metadata/metadata.go:45.2,45.23 1 0
github.com/thesudoYT/conjure/internal/metadata/metadata.go:50.125,54.39 2 0
github.com/thesudoYT/conjure/internal/metadata/metadata.go:54.39,56.52 1 0
github.com/thesudoYT/conjure/internal/metadata/metadata.go:56.52,59.4 1 0
github.com/thesudoYT/conjure/internal/metadata/metadata.go:59.9,59.29 1 0
github.com/thesudoYT/conjure/internal/metadata/metadata.go:59.29,62.4 1 0
github.com/thesudoYT/conjure/internal/metadata/metadata.go:62.9,62.24 1 0
github.com/thesudoYT/conjure/internal/metadata/metadata.go:62.24,65.4 1 0
github.com/thesudoYT/conjure/internal/metadata/metadata.go:69.2,69.23 1 0
github.com/thesudoYT/conjure/internal/metadata/metadata.go:73.64,75.2 1 0
github.com/thesudoYT/conjure/internal/metadata/metadata.go:87.71,89.57 1 0
github.com/thesudoYT/conjure/internal/metadata/metadata.go:89.57,91.3 1 0
github.com/thesudoYT/conjure/internal/metadata/metadata.go:94.2,95.16 2 0
github.com/thesudoYT/conjure/internal/metadata/metadata.go:95.16,97.3 1 0
github.com/thesudoYT/conjure/internal/metadata/metadata.go:100.2,101.56 2 0
github.com/thesudoYT/conjure/internal/metadata/metadata.go:101.56,103.3 1 0
github.com/thesudoYT/conjure/internal/metadata/metadata.go:105.2,105.23 1 0
github.com/thesudoYT/conjure/internal/metadata/metadata.go:110.144,114.45 2 8
github.com/thesudoYT/conjure/internal/metadata/metadata.go:114.45,115.22 1 8
github.com/thesudoYT/conjure/internal/metadata/metadata.go:115.22,117.4 1 6
github.com/thesudoYT/conjure/internal/metadata/metadata.go:121.2,121.78 1 8
github.com/thesudoYT/conjure/internal/metadata/metadata.go:121.78,122.34 1 3
github.com/thesudoYT/conjure/internal/metadata/metadata.go:122.34,123.23 1 3
github.com/thesudoYT/conjure/internal/metadata/metadata.go:123.23,125.5 1 2
github.com/thesudoYT/conjure/internal/metadata/metadata.go:130.2,130.29 1 8
github.com/thesudoYT/conjure/internal/metadata/metadata.go:130.29,132.3 1 3
github.com/thesudoYT/conjure/internal/metadata/metadata.go:136.2,136.45 1 8
github.com/thesudoYT/conjure/internal/metadata/metadata.go:136.45,137.17 1 8
github.com/thesudoYT/conjure/internal/metadata/metadata.go:137.17,138.47 1 2
github.com/thesudoYT/conjure/internal/metadata/metadata.go:138.47,140.5 1 1
github.com/thesudoYT/conjure/internal/metadata/metadata.go:145.2,145.78 1 7
github.com/thesudoYT/conjure/internal/metadata/metadata.go:145.78,146.34 1 3
github.com/thesudoYT/conjure/internal/metadata/metadata.go:146.34,147.18 1 3
github.com/thesudoYT/conjure/internal/metadata/metadata.go:147.18,148.48 1 1
github.com/thesudoYT/conjure/internal/metadata/metadata.go:148.48,150.6 1 1
github.com/thesudoYT/conjure/internal/metadata/metadata.go:155.2,155.23 1 6
github.com/thesudoYT/conjure/internal/metadata/metadata.go:159.68,161.2 1 0
github.com/thesudoYT/conjure/internal/metadata/metadata.go:164.68,168.45 2 2
github.com/thesudoYT/conjure/internal/metadata/metadata.go:168.45,170.3 1 3
github.com/thesudoYT/conjure/internal/metadata/metadata.go:173.2,173.58 1 2
github.com/thesudoYT/conjure/internal/metadata/metadata.go:173.58,174.34 1 3
github.com/thesudoYT/conjure/internal/metadata/metadata.go:174.34,176.44 1 3
github.com/thesudoYT/conjure/internal/metadata/metadata.go:176.44,178.5 1 2
github.com/thesudoYT/conjure/internal/metadata/metadata.go:183.2,184.27 2 2
github.com/thesudoYT/conjure/internal/metadata/metadata.go:184.27,186.3 1 5
github.com/thesudoYT/conjure/internal/metadata/metadata.go:188.2,188.13 1 2
github.com/thesudoYT/conjure/cmd/bundle/bundle.go:44.47,52.18 6 0
github.com/thesudoYT/conjure/cmd/bundle/bundle.go:52.18,54.4 1 0
github.com/thesudoYT/conjure/cmd/bundle/bundle.go:54.9,57.4 1 0
github.com/thesudoYT/conjure/cmd/bundle/bundle.go:59.3,59.95 1 0
github.com/thesudoYT/conjure/cmd/bundle/bundle.go:59.95,62.4 2 0
github.com/thesudoYT/conjure/cmd/bundle/bundle.go:66.13,73.2 5 1
github.com/thesudoYT/conjure/cmd/bundle/bundle.go:75.114,78.16 2 4
github.com/thesudoYT/conjure/cmd/bundle/bundle.go:78.16,80.3 1 0
github.com/thesudoYT/conjure/cmd/bundle/bundle.go:83.2,84.16 2 4
github.com/thesudoYT/conjure/cmd/bundle/bundle.go:84.16,86.3 1 1
github.com/thesudoYT/conjure/cmd/bundle/bundle.go:89.2,91.16 3 3
github.com/thesudoYT/conjure/cmd/bundle/bundle.go:91.16,93.3 1 0
github.com/thesudoYT/conjure/cmd/bundle/bundle.go:95.2,104.22 6 3
github.com/thesudoYT/conjure/cmd/bundle/bundle.go:104.22,106.17 2 1
github.com/thesudoYT/conjure/cmd/bundle/bundle.go:106.17,108.4 1 0
github.com/thesudoYT/conjure/cmd/bundle/bundle.go:110.3,110.28 1 1
github.com/thesudoYT/conjure/cmd/bundle/bundle.go:110.28,112.4 1 2
github.com/thesudoYT/conjure/cmd/bundle/bundle.go:114.3,114.32 1 1
github.com/thesudoYT/conjure/cmd/bundle/bundle.go:118.2,119.16 2 3
github.com/thesudoYT/conjure/cmd/bundle/bundle.go:119.16,121.3 1 0
github.com/thesudoYT/conjure/cmd/bundle/bundle.go:123.2,123.33 1 3
github.com/thesudoYT/conjure/cmd/bundle/bundle.go:123.33,125.3 1 2
github.com/thesudoYT/conjure/cmd/bundle/bundle.go:127.2,127.60 1 3
github.com/thesudoYT/conjure/cmd/bundle/bundle.go:127.60,128.45 1 2
github.com/thesudoYT/conjure/cmd/bundle/bundle.go:128.45,130.4 1 2
github.com/thesudoYT/conjure/cmd/bundle/bundle.go:131.3,131.31 1 2
github.com/thesudoYT/conjure/cmd/bundle/bundle.go:131.31,133.4 1 2
github.com/thesudoYT/conjure/cmd/bundle/bundle.go:137.2,137.17 1 3
github.com/thesudoYT/conjure/cmd/bundle/bundle.go:137.17,140.17 3 0
github.com/thesudoYT/conjure/cmd/bundle/bundle.go:140.17,142.4 1 0
github.com/thesudoYT/conjure/cmd/bundle/bundle.go:144.3,144.61 1 0
github.com/thesudoYT/conjure/cmd/bundle/bundle.go:144.61,145.46 1 0
github.com/thesudoYT/conjure/cmd/bundle/bundle.go:145.46,147.5 1 0
github.com/thesudoYT/conjure/cmd/bundle/bundle.go:148.4,148.32 1 0
github.com/thesudoYT/conjure/cmd/bundle/bundle.go:148.32,150.5 1 0
github.com/thesudoYT/conjure/cmd/bundle/bundle.go:155.2,155.54 1 3
github.com/thesudoYT/conjure/cmd/bundle/bundle.go:155.54,157.3 1 0
github.com/thesudoYT/conjure/cmd/bundle/bundle.go:160.2,161.16 2 3
github.com/thesudoYT/conjure/cmd/bundle/bundle.go:161.16,163.3 1 0
github.com/thesudoYT/conjure/cmd/bundle/bundle.go:165.2,166.32 2 3
github.com/thesudoYT/conjure/cmd/bundle/bundle.go:166.32,168.65 1 8
github.com/thesudoYT/conjure/cmd/bundle/bundle.go:168.65,169.12 1 3
github.com/thesudoYT/conjure/cmd/bundle/bundle.go:172.3,177.17 4 5
github.com/thesudoYT/conjure/cmd/bundle/bundle.go:177.17,179.4 1 0
github.com/thesudoYT/conjure/cmd/bundle/bundle.go:182.3,183.35 2 5
github.com/thesudoYT/conjure/cmd/bundle/bundle.go:183.35,185.4 1 6
github.com/thesudoYT/conjure/cmd/bundle/bundle.go:188.3,188.71 1 5
github.com/thesudoYT/conjure/cmd/bundle/bundle.go:188.71,189.32 1 2
github.com/thesudoYT/conjure/cmd/bundle/bundle.go:189.32,191.5 1 2
github.com/thesudoYT/conjure/cmd/bundle/bundle.go:195.3,196.17 2 5
github.com/thesudoYT/conjure/cmd/bundle/bundle.go:196.17,198.4 1 0
github.com/thesudoYT/conjure/cmd/bundle/bundle.go:201.3,202.17 2 5
github.com/thesudoYT/conjure/cmd/bundle/bundle.go:202.17,204.4 1 0
github.com/thesudoYT/conjure/cmd/bundle/bundle.go:207.3,211.78 3 5
github.com/thesudoYT/conjure/cmd/bundle/bundle.go:211.78,213.4 1 0
github.com/thesudoYT/conjure/cmd/bundle/bundle.go:215.3,216.22 2 5
github.com/thesudoYT/conjure/cmd/bundle/bundle.go:219.2,219.28 1 3
github.com/thesudoYT/conjure/cmd/bundle/bundle.go:219.28,221.3 1 0
github.com/thesudoYT/conjure/cmd/bundle/bundle.go:223.2,226.12 3 3
github.com/thesudoYT/conjure/cmd/bundle/bundle.go:230.72,233.29 2 4
github.com/thesudoYT/conjure/cmd/bundle/bundle.go:233.29,235.22 2 6
github.com/thesudoYT/conjure/cmd/bundle/bundle.go:235.22,237.4 1 1
github.com/thesudoYT/conjure/cmd/bundle/bundle.go:239.3,242.16 3 5
github.com/thesudoYT/conjure/cmd/bundle/bundle.go:242.16,244.4 1 1
github.com/thesudoYT/conjure/cmd/bundle/bundle.go:246.3,246.25 1 4
github.com/thesudoYT/conjure/cmd/bundle/bundle.go:249.2,249.23 1 2
github.com/thesudoYT/conjure/cmd/bundle/bundle.go:255.128,259.29 3 9
github.com/thesudoYT/conjure/cmd/bundle/bundle.go:259.29,262.22 2 15
github.com/thesudoYT/conjure/cmd/bundle/bundle.go:262.22,264.4 1 0
github.com/thesudoYT/conjure/cmd/bundle/bundle.go:266.3,269.20 3 15
github.com/thesudoYT/conjure/cmd/bundle/bundle.go:269.20,271.4 1 0
github.com/thesudoYT/conjure/cmd/bundle/bundle.go:274.3,274.37 1 15
github.com/thesudoYT/conjure/cmd/bundle/bundle.go:274.37,277.31 2 9
github.com/thesudoYT/conjure/cmd/bundle/bundle.go:277.31,279.5 1 0
github.com/thesudoYT/conjure/cmd/bundle/bundle.go:281.4,284.43 3 9
github.com/thesudoYT/conjure/cmd/bundle/bundle.go:284.43,286.5 1 2
github.com/thesudoYT/conjure/cmd/bundle/bundle.go:289.4,289.38 1 7
github.com/thesudoYT/conjure/cmd/bundle/bundle.go:289.38,291.5 1 1
github.com/thesudoYT/conjure/cmd/bundle/bundle.go:294.4,294.46 1 6
github.com/thesudoYT/conjure/cmd/bundle/bundle.go:294.46,296.5 1 5
github.com/thesudoYT/conjure/cmd/bundle/bundle.go:298.4,298.52 1 6
github.com/thesudoYT/conjure/cmd/bundle/bundle.go:299.9,302.4 1 6
github.com/thesudoYT/conjure/cmd/bundle/bundle.go:305.2,305.43 1 6
github.com/thesudoYT/conjure/cmd/bundle/bundle.go:309.95,312.16 2 5
github.com/thesudoYT/conjure/cmd/bundle/bundle.go:312.16,314.3 1 0
github.com/thesudoYT/conjure/cmd/bundle/bundle.go:317.2,318.59 2 5
github.com/thesudoYT/conjure/cmd/bundle/bundle.go:318.59,320.3 1 0
github.com/thesudoYT/conjure/cmd/bundle/bundle.go:322.2,322.31 1 5
github.com/thesudoYT/conjure/cmd/bundle/bundle.go:326.69,331.16 3 0
github.com/thesudoYT/conjure/cmd/bundle/bundle.go:331.16,333.3 1 0
github.com/thesudoYT/conjure/cmd/bundle/bundle.go:336.2,336.54 1 0
github.com/thesudoYT/conjure/cmd/bundle/bundle.go:336.54,338.3 1 0
github.com/thesudoYT/conjure/cmd/bundle/bundle.go:340.2,340.20 1 0
github.com/thesudoYT/conjure/cmd/bundle/bundle.go:345.117,350.16 3 3
github.com/thesudoYT/conjure/cmd/bundle/bundle.go:350.16,352.3 1 0
github.com/thesudoYT/conjure/cmd/bundle/bundle.go:355.2,355.57 1 3
github.com/thesudoYT/conjure/cmd/bundle/bundle.go:355.57,357.3 1 0
github.com/thesudoYT/conjure/cmd/bundle/bundle.go:360.2,363.30 3 3
github.com/thesudoYT/conjure/cmd/bundle/bundle.go:363.30,365.32 1 8
github.com/thesudoYT/conjure/cmd/bundle/bundle.go:365.32,367.58 1 1
github.com/thesudoYT/conjure/cmd/bundle/bundle.go:367.58,368.58 1 1
github.com/thesudoYT/conjure/cmd/bundle/bundle.go:368.58,369.66 1 2
github.com/thesudoYT/conjure/cmd/bundle/bundle.go:369.66,371.7 1 2
github.com/thesudoYT/conjure/cmd/bundle/bundle.go:374.9,377.4 1 7
github.com/thesudoYT/conjure/cmd/bundle/bundle.go:380.2,380.43 1 3
github.com/thesudoYT/conjure/cmd/bundle/bundle.go:385.78,390.16 3 4
github.com/thesudoYT/conjure/cmd/bundle/bundle.go:390.16,392.3 1 0
github.com/thesudoYT/conjure/cmd/bundle/bundle.go:395.2,395.32 1 4
github.com/thesudoYT/conjure/cmd/bundle/bundle.go:395.32,396.21 1 3
github.com/thesudoYT/conjure/cmd/bundle/bundle.go:396.21,397.12 1 0
github.com/thesudoYT/conjure/cmd/bundle/bundle.go:401.3,406.17 4 3
github.com/thesudoYT/conjure/cmd/bundle/bundle.go:406.17,407.12 1 0
github.com/thesudoYT/conjure/cmd/bundle/bundle.go:411.3,412.53 2 3
github.com/thesudoYT/conjure/cmd/bundle/bundle.go:412.53,413.12 1 0
github.com/thesudoYT/conjure/cmd/bundle/bundle.go:417.3,417.36 1 3
github.com/thesudoYT/conjure/cmd/bundle/bundle.go:417.36,419.4 1 3
github.com/thesudoYT/conjure/cmd/bundle/bundle.go:422.2,422.98 1 1
github.com/thesudoYT/conjure/cmd/template/template.go:35.47,45.18 6 0
github.com/thesudoYT/conjure/cmd/template/template.go:45.18,47.4 1 0
github.com/thesudoYT/conjure/cmd/template/template.go:47.9,50.4 1 0
github.com/thesudoYT/conjure/cmd/template/template.go:52.3,52.99 1 0
github.com/thesudoYT/conjure/cmd/template/template.go:52.99,55.4 2 0
github.com/thesudoYT/conjure/cmd/template/template.go:59.13,66.2 5 1
github.com/thesudoYT/conjure/cmd/template/template.go:68.118,71.16 2 6
github.com/thesudoYT/conjure/cmd/template/template.go:71.16,73.3 1 0
github.com/thesudoYT/conjure/cmd/template/template.go:76.2,79.57 2 6
github.com/thesudoYT/conjure/cmd/template/template.go:79.57,81.3 1 1
github.com/thesudoYT/conjure/cmd/template/template.go:84.2,85.16 2 5
github.com/thesudoYT/conjure/cmd/template/template.go:85.16,87.3 1 0
github.com/thesudoYT/conjure/cmd/template/template.go:90.2,93.22 2 5
github.com/thesudoYT/conjure/cmd/template/template.go:93.22,95.17 2 3
github.com/thesudoYT/conjure/cmd/template/template.go:95.17,97.4 1 1
github.com/thesudoYT/conjure/cmd/template/template.go:99.3,99.28 1 2
github.com/thesudoYT/conjure/cmd/template/template.go:99.28,101.4 1 6
github.com/thesudoYT/conjure/cmd/template/template.go:105.2,106.16 2 4
github.com/thesudoYT/conjure/cmd/template/template.go:106.16,108.3 1 0
github.com/thesudoYT/conjure/cmd/template/template.go:110.2,110.33 1 4
github.com/thesudoYT/conjure/cmd/template/template.go:110.33,112.3 1 3
github.com/thesudoYT/conjure/cmd/template/template.go:115.2,118.49 3 4
github.com/thesudoYT/conjure/cmd/template/template.go:118.49,121.17 2 1
github.com/thesudoYT/conjure/cmd/template/template.go:121.17,123.4 1 0
github.com/thesudoYT/conjure/cmd/template/template.go:125.3,128.18 2 1
github.com/thesudoYT/conjure/cmd/template/template.go:128.18,131.18 2 0
github.com/thesudoYT/conjure/cmd/template/template.go:131.18,133.5 1 0
github.com/thesudoYT/conjure/cmd/template/template.go:134.9,137.18 2 1
github.com/thesudoYT/conjure/cmd/template/template.go:137.18,139.5 1 0
github.com/thesudoYT/conjure/cmd/template/template.go:143.3,144.36 2 1
github.com/thesudoYT/conjure/cmd/template/template.go:144.36,145.53 1 2
github.com/thesudoYT/conjure/cmd/template/template.go:145.53,147.5 1 2
github.com/thesudoYT/conjure/cmd/template/template.go:149.3,149.16 1 1
github.com/thesudoYT/conjure/cmd/template/template.go:150.8,154.3 2 3
github.com/thesudoYT/conjure/cmd/template/template.go:157.2,158.16 2 4
github.com/thesudoYT/conjure/cmd/template/template.go:158.16,160.3 1 1
github.com/thesudoYT/conjure/cmd/template/template.go:163.2,164.53 2 3
github.com/thesudoYT/conjure/cmd/template/template.go:164.53,166.3 1 0
github.com/thesudoYT/conjure/cmd/template/template.go:169.2,169.73 1 3
github.com/thesudoYT/conjure/cmd/template/template.go:169.73,171.3 1 0
github.com/thesudoYT/conjure/cmd/template/template.go:173.2,176.12 3 3
github.com/thesudoYT/conjure/cmd/template/template.go:180.72,183.29 2 8
github.com/thesudoYT/conjure/cmd/template/template.go:183.29,185.22 2 10
github.com/thesudoYT/conjure/cmd/template/template.go:185.22,187.4 1 1
github.com/thesudoYT/conjure/cmd/template/template.go:189.3,192.16 3 9
github.com/thesudoYT/conjure/cmd/template/template.go:192.16,194.4 1 1
github.com/thesudoYT/conjure/cmd/template/template.go:196.3,196.25 1 8
github.com/thesudoYT/conjure/cmd/template/template.go:199.2,199.23 1 6
github.com/thesudoYT/conjure/cmd/template/template.go:203.95,206.16 2 11
github.com/thesudoYT/conjure/cmd/template/template.go:206.16,208.3 1 1
github.com/thesudoYT/conjure/cmd/template/template.go:211.2,212.59 2 10
github.com/thesudoYT/conjure/cmd/template/template.go:212.59,214.3 1 2
github.com/thesudoYT/conjure/cmd/template/template.go:216.2,216.31 1 8
github.com/thesudoYT/conjure/cmd/template/template.go:220.69,225.16 3 6
github.com/thesudoYT/conjure/cmd/template/template.go:225.16,227.3 1 1
github.com/thesudoYT/conjure/cmd/template/template.go:230.2,230.54 1 5
github.com/thesudoYT/conjure/cmd/template/template.go:230.54,232.3 1 2
github.com/thesudoYT/conjure/cmd/template/template.go:234.2,234.20 1 3
github.com/thesudoYT/conjure/cmd/list/list.go:21.47,24.17 2 0
github.com/thesudoYT/conjure/cmd/list/list.go:24.17,27.4 2 0
github.com/thesudoYT/conjure/cmd/list/list.go:28.3,30.30 3 0
github.com/thesudoYT/conjure/cmd/list/list.go:34.13,46.2 2 1
github.com/thesudoYT/conjure/cmd/list/list_bundles.go:23.48,24.45 1 4
github.com/thesudoYT/conjure/cmd/list/list_bundles.go:24.45,25.28 1 7
github.com/thesudoYT/conjure/cmd/list/list_bundles.go:25.28,27.4 1 2
github.com/thesudoYT/conjure/cmd/list/list_bundles.go:29.2,29.14 1 2
github.com/thesudoYT/conjure/cmd/list/list_bundles.go:38.58,41.58 2 0
github.com/thesudoYT/conjure/cmd/list/list_bundles.go:41.58,43.5 1 0
github.com/thesudoYT/conjure/cmd/list/list_bundles.go:44.4,44.14 1 0
github.com/thesudoYT/conjure/cmd/list/list_bundles.go:46.48,49.4 2 0
github.com/thesudoYT/conjure/cmd/list/list_bundles.go:50.53,51.4 0 0
github.com/thesudoYT/conjure/cmd/list/list_bundles.go:55.13,61.2 2 1
github.com/thesudoYT/conjure/cmd/list/list_bundles.go:63.37,66.16 2 6
github.com/thesudoYT/conjure/cmd/list/list_bundles.go:66.16,69.3 2 0
github.com/thesudoYT/conjure/cmd/list/list_bundles.go:72.2,75.56 2 6
github.com/thesudoYT/conjure/cmd/list/list_bundles.go:75.56,79.3 3 0
github.com/thesudoYT/conjure/cmd/list/list_bundles.go:82.2,83.16 2 6
github.com/thesudoYT/conjure/cmd/list/list_bundles.go:83.16,86.3 2 0
github.com/thesudoYT/conjure/cmd/list/list_bundles.go:89.2,89.23 1 6
github.com/thesudoYT/conjure/cmd/list/list_bundles.go:89.23,92.3 2 1
github.com/thesudoYT/conjure/cmd/list/list_bundles.go:94.2,94.22 1 5
github.com/thesudoYT/conjure/cmd/list/list_bundles.go:94.22,96.3 1 2
github.com/thesudoYT/conjure/cmd/list/list_bundles.go:96.8,98.3 1 3
github.com/thesudoYT/conjure/cmd/list/list_bundles.go:99.2,102.32 3 5
github.com/thesudoYT/conjure/cmd/list/list_bundles.go:102.32,104.21 1 9
github.com/thesudoYT/conjure/cmd/list/list_bundles.go:104.21,105.12 1 1
github.com/thesudoYT/conjure/cmd/list/list_bundles.go:109.3,114.17 4 8
github.com/thesudoYT/conjure/cmd/list/list_bundles.go:114.17,116.12 2 1
github.com/thesudoYT/conjure/cmd/list/list_bundles.go:119.3,120.57 2 7
github.com/thesudoYT/conjure/cmd/list/list_bundles.go:120.57,122.12 2 0
github.com/thesudoYT/conjure/cmd/list/list_bundles.go:126.3,126.60 1 7
github.com/thesudoYT/conjure/cmd/list/list_bundles.go:126.60,127.12 1 2
github.com/thesudoYT/conjure/cmd/list/list_bundles.go:131.3,135.17 5 5
github.com/thesudoYT/conjure/cmd/list/list_bundles.go:138.2,138.43 1 5
github.com/thesudoYT/conjure/cmd/list/list_bundles.go:138.43,140.3 1 1
github.com/thesudoYT/conjure/cmd/list/list_templates.go:17.48,19.39 1 7
github.com/thesudoYT/conjure/cmd/list/list_templates.go:19.39,21.3 1 2
github.com/thesudoYT/conjure/cmd/list/list_templates.go:23.2,23.47 1 7
github.com/thesudoYT/conjure/cmd/list/list_templates.go:23.47,24.26 1 15
github.com/thesudoYT/conjure/cmd/list/list_templates.go:24.26,26.4 1 5
github.com/thesudoYT/conjure/cmd/list/list_templates.go:28.2,28.14 1 2
github.com/thesudoYT/conjure/cmd/list/list_templates.go:42.58,45.64 2 0
github.com/thesudoYT/conjure/cmd/list/list_templates.go:45.64,47.5 1 0
github.com/thesudoYT/conjure/cmd/list/list_templates.go:48.4,48.14 1 0
github.com/thesudoYT/conjure/cmd/list/list_templates.go:50.48,53.4 2 0
github.com/thesudoYT/conjure/cmd/list/list_templates.go:54.53,55.4 0 0
github.com/thesudoYT/conjure/cmd/list/list_templates.go:59.13,65.2 2 1
github.com/thesudoYT/conjure/cmd/list/list_templates.go:67.39,70.16 2 6
github.com/thesudoYT/conjure/cmd/list/list_templates.go:70.16,73.3 2 0
github.com/thesudoYT/conjure/cmd/list/list_templates.go:76.2,79.58 2 6
github.com/thesudoYT/conjure/cmd/list/list_templates.go:79.58,83.3 3 0
github.com/thesudoYT/conjure/cmd/list/list_templates.go:86.2,87.16 2 6
github.com/thesudoYT/conjure/cmd/list/list_templates.go:87.16,90.3 2 0
github.com/thesudoYT/conjure/cmd/list/list_templates.go:93.2,93.23 1 6
github.com/thesudoYT/conjure/cmd/list/list_templates.go:93.23,96.3 2 1
github.com/thesudoYT/conjure/cmd/list/list_templates.go:99.2,99.61 1 5
github.com/thesudoYT/conjure/cmd/list/list_templates.go:99.61,101.3 1 1
github.com/thesudoYT/conjure/cmd/list/list_templates.go:103.2,103.22 1 5
github.com/thesudoYT/conjure/cmd/list/list_templates.go:103.22,105.3 1 3
github.com/thesudoYT/conjure/cmd/list/list_templates.go:105.8,107.3 1 2
github.com/thesudoYT/conjure/cmd/list/list_templates.go:109.2,110.32 2 5
github.com/thesudoYT/conjure/cmd/list/list_templates.go:110.32,112.20 1 14
github.com/thesudoYT/conjure/cmd/list/list_templates.go:112.20,113.12 1 0
github.com/thesudoYT/conjure/cmd/list/list_templates.go:117.3,117.48 1 14
github.com/thesudoYT/conjure/cmd/list/list_templates.go:117.48,118.12 1 2
github.com/thesudoYT/conjure/cmd/list/list_templates.go:122.3,126.23 2 12
github.com/thesudoYT/conjure/cmd/list/list_templates.go:126.23,127.55 1 7
github.com/thesudoYT/conjure/cmd/list/list_templates.go:127.55,128.13 1 4
github.com/thesudoYT/conjure/cmd/list/list_templates.go:133.3,134.19 2 8
github.com/thesudoYT/conjure/cmd/list/list_templates.go:137.2,137.45 1 5
github.com/thesudoYT/conjure/cmd/list/list_templates.go:137.45,139.3 1 1
